[    0.000000] Linux version 4.15.0-62-generic (buildd@lcy01-amd64-024) (gcc version 7.4.0 (Ubuntu 7.4.0-1ubuntu1~18.04.1)) #69-Ubuntu SMP Wed Sep 4 20:55:53 UTC 2019 (Ubuntu 4.15.0-62.69-generic 4.15.18)
[    0.000000] Command line: BOOT_IMAGE=/boot/vmlinuz-4.15.0-62-generic root=LABEL=cloudimg-rootfs ro console=tty1 console=ttyS0
[    0.000000] KERNEL supported cpus:
[    0.000000]   Intel GenuineIntel
[    0.000000]   AMD AuthenticAMD
[    0.000000]   Centaur CentaurHauls
[    0.000000] x86/fpu: Supporting XSAVE feature 0x001: 'x87 floating point registers'
[    0.000000] x86/fpu: Supporting XSAVE feature 0x002: 'SSE registers'
[    0.000000] x86/fpu: Supporting XSAVE feature 0x004: 'AVX registers'
[    0.000000] x86/fpu: xstate_offset[2]:  576, xstate_sizes[2]:  256
[    0.000000] x86/fpu: Enabled xstate features 0x7, context size is 832 bytes, using 'standard' format.
[    0.000000] e820: BIOS-provided physical RAM map:
[    0.000000] BIOS-e820: [mem 0x0000000000000000-0x000000000009fbff] usable
[    0.000000] BIOS-e820: [mem 0x000000000009fc00-0x000000000009ffff] reserved
[    0.000000] BIOS-e820: [mem 0x00000000000f0000-0x00000000000fffff] reserved
[    0.000000] BIOS-e820: [mem 0x0000000000100000-0x000000003ffeffff] usable
[    0.000000] BIOS-e820: [mem 0x000000003fff0000-0x000000003fffffff] ACPI data
[    0.000000] BIOS-e820: [mem 0x00000000fec00000-0x00000000fec00fff] reserved
[    0.000000] BIOS-e820: [mem 0x00000000fee00000-0x00000000fee00fff] reserved
[    0.000000] BIOS-e820: [mem 0x00000000fffc0000-0x00000000ffffffff] reserved
[    0.000000] NX (Execute Disable) protection: active
[    0.000000] SMBIOS 2.5 present.
[    0.000000] DMI: innotek GmbH VirtualBox/VirtualBox, BIOS VirtualBox 12/01/2006
[    0.000000] Hypervisor detected: KVM
[    0.000000] e820: last_pfn = 0x3fff0 max_arch_pfn = 0x400000000
[    0.000000] MTRR: Disabled
[    0.000000] x86/PAT: MTRRs disabled, skipping PAT initialization too.
[    0.000000] CPU MTRRs all blank - virtualized system.
[    0.000000] x86/PAT: Configuration [0-7]: WB  WT  UC- UC  WB  WT  UC- UC  
[    0.000000] found SMP MP-table at [mem 0x0009fff0-0x0009ffff]
[    0.000000] Scanning 1 areas for low memory corruption
[    0.000000] RAMDISK: [mem 0x35a8b000-0x36d3cfff]
[    0.000000] ACPI: Early table checksum verification disabled
[    0.000000] ACPI: RSDP 0x00000000000E0000 000024 (v02 VBOX  )
[    0.000000] ACPI: XSDT 0x000000003FFF0030 00003C (v01 VBOX   VBOXXSDT 00000001 ASL  00000061)
[    0.000000] ACPI: FACP 0x000000003FFF00F0 0000F4 (v04 VBOX   VBOXFACP 00000001 ASL  00000061)
[    0.000000] ACPI: DSDT 0x000000003FFF0470 0021FF (v02 VBOX   VBOXBIOS 00000002 INTL 20180105)
[    0.000000] ACPI: FACS 0x000000003FFF0200 000040
[    0.000000] ACPI: FACS 0x000000003FFF0200 000040
[    0.000000] ACPI: APIC 0x000000003FFF0240 000054 (v02 VBOX   VBOXAPIC 00000001 ASL  00000061)
[    0.000000] ACPI: SSDT 0x000000003FFF02A0 0001CC (v01 VBOX   VBOXCPUT 00000002 INTL 20180105)
[    0.000000] No NUMA configuration found
[    0.000000] Faking a node at [mem 0x0000000000000000-0x000000003ffeffff]
[    0.000000] NODE_DATA(0) allocated [mem 0x3ffc5000-0x3ffeffff]
[    0.000000] kvm-clock: cpu 0, msr 0:3ff44001, primary cpu clock
[    0.000000] kvm-clock: Using msrs 4b564d01 and 4b564d00
[    0.000000] kvm-clock: using sched offset of 3611509503 cycles
[    0.000000] clocksource: kvm-clock: mask: 0xffffffffffffffff max_cycles: 0x1cd42e4dffb, max_idle_ns: 881590591483 ns
[    0.000000] Zone ranges:
[    0.000000]   DMA      [mem 0x0000000000001000-0x0000000000ffffff]
[    0.000000]   DMA32    [mem 0x0000000001000000-0x000000003ffeffff]
[    0.000000]   Normal   empty
[    0.000000]   Device   empty
[    0.000000] Movable zone start for each node
[    0.000000] Early memory node ranges
[    0.000000]   node   0: [mem 0x0000000000001000-0x000000000009efff]
[    0.000000]   node   0: [mem 0x0000000000100000-0x000000003ffeffff]
[    0.000000] Reserved but unavailable: 98 pages
[    0.000000] Initmem setup node 0 [mem 0x0000000000001000-0x000000003ffeffff]
[    0.000000] ACPI: PM-Timer IO Port: 0x4008
[    0.000000] IOAPIC[0]: apic_id 1, version 32, address 0xfec00000, GSI 0-23
[    0.000000] ACPI: INT_SRC_OVR (bus 0 bus_irq 0 global_irq 2 dfl dfl)
[    0.000000] ACPI: INT_SRC_OVR (bus 0 bus_irq 9 global_irq 9 low level)
[    0.000000] Using ACPI (MADT) for SMP configuration information
[    0.000000] smpboot: Allowing 1 CPUs, 0 hotplug CPUs
[    0.000000] PM: Registered nosave memory: [mem 0x00000000-0x00000fff]
[    0.000000] PM: Registered nosave memory: [mem 0x0009f000-0x0009ffff]
[    0.000000] PM: Registered nosave memory: [mem 0x000a0000-0x000effff]
[    0.000000] PM: Registered nosave memory: [mem 0x000f0000-0x000fffff]
[    0.000000] e820: [mem 0x40000000-0xfebfffff] available for PCI devices
[    0.000000] Booting paravirtualized kernel on KVM
[    0.000000] clocksource: refined-jiffies: mask: 0xffffffff max_cycles: 0xffffffff, max_idle_ns: 7645519600211568 ns
[    0.000000] random: get_random_bytes called from start_kernel+0x99/0x4fd with crng_init=0
[    0.000000] setup_percpu: NR_CPUS:8192 nr_cpumask_bits:1 nr_cpu_ids:1 nr_node_ids:1
[    0.000000] percpu: Embedded 46 pages/cpu s151552 r8192 d28672 u2097152
[    0.000000] PV qspinlock hash table entries: 256 (order: 0, 4096 bytes)
[    0.000000] Built 1 zonelists, mobility grouping on.  Total pages: 257913
[    0.000000] Policy zone: DMA32
[    0.000000] Kernel command line: BOOT_IMAGE=/boot/vmlinuz-4.15.0-62-generic root=LABEL=cloudimg-rootfs ro console=tty1 console=ttyS0
[    0.000000] Memory: 983624K/1048120K available (12300K kernel code, 2481K rwdata, 4172K rodata, 2436K init, 2384K bss, 64496K reserved, 0K cma-reserved)
[    0.000000] SLUB: HWalign=64, Order=0-3, MinObjects=0, CPUs=1, Nodes=1
[    0.000000] Kernel/User page tables isolation: enabled
[    0.000000] ftrace: allocating 39306 entries in 154 pages
[    0.004000] Hierarchical RCU implementation.
[    0.004000] 	RCU restricting CPUs from NR_CPUS=8192 to nr_cpu_ids=1.
[    0.004000] 	Tasks RCU enabled.
[    0.004000] RCU: Adjusting geometry for rcu_fanout_leaf=16, nr_cpu_ids=1
[    0.004000] NR_IRQS: 524544, nr_irqs: 256, preallocated irqs: 16
[    0.004000] Console: colour VGA+ 80x25
[    0.004000] console [tty1] enabled
[    0.004000] console [ttyS0] enabled
[    0.004000] ACPI: Core revision 20170831
[    0.004000] ACPI: 2 ACPI AML tables successfully acquired and loaded
[    0.004000] APIC: Switch to symmetric I/O mode setup
[    0.004343] x2apic enabled
[    0.005306] Switched APIC routing to physical x2apic.
[    0.009430] ..TIMER: vector=0x30 apic1=0 pin1=2 apic2=-1 pin2=-1
[    0.012009] tsc: Detected 2593.992 MHz processor
[    0.016021] Calibrating delay loop (skipped) preset value.. 5187.98 BogoMIPS (lpj=10375968)
[    0.020009] pid_max: default: 32768 minimum: 301
[    0.024056] Security Framework initialized
[    0.024987] Yama: becoming mindful.
[    0.028052] AppArmor: AppArmor initialized
[    0.029662] Dentry cache hash table entries: 131072 (order: 8, 1048576 bytes)
[    0.032095] Inode-cache hash table entries: 65536 (order: 7, 524288 bytes)
[    0.033475] Mount-cache hash table entries: 2048 (order: 2, 16384 bytes)
[    0.036020] Mountpoint-cache hash table entries: 2048 (order: 2, 16384 bytes)
[    0.040343] process: using mwait in idle threads
[    0.044013] Last level iTLB entries: 4KB 1024, 2MB 1024, 4MB 1024
[    0.045031] Last level dTLB entries: 4KB 1024, 2MB 1024, 4MB 1024, 1GB 4
[    0.046048] Spectre V1 : Mitigation: usercopy/swapgs barriers and __user pointer sanitization
[    0.048005] Spectre V2 : Mitigation: Full generic retpoline
[    0.048814] Spectre V2 : Spectre v2 / SpectreRSB mitigation: Filling RSB on context switch
[    0.049985] Speculative Store Bypass: Vulnerable
[    0.050727] MDS: Vulnerable: Clear CPU buffers attempted, no microcode
[    0.068514] Freeing SMP alternatives memory: 36K
[    0.076000] smpboot: CPU0: Intel(R) Core(TM) i7-4510U CPU @ 2.00GHz (family: 0x6, model: 0x45, stepping: 0x1)
[    0.076137] Performance Events: unsupported p6 CPU model 69 no PMU driver, software events only.
[    0.080086] Hierarchical SRCU implementation.
[    0.084771] NMI watchdog: Perf event create on CPU 0 failed with -2
[    0.088005] NMI watchdog: Perf NMI watchdog permanently disabled
[    0.092083] smp: Bringing up secondary CPUs ...
[    0.096008] smp: Brought up 1 node, 1 CPU
[    0.096836] smpboot: Max logical packages: 1
[    0.100011] smpboot: Total of 1 processors activated (5187.98 BogoMIPS)
[    0.104598] devtmpfs: initialized
[    0.108157] x86/mm: Memory block size: 128MB
[    0.109390] evm: security.selinux
[    0.112014] evm: security.SMACK64
[    0.112624] evm: security.SMACK64EXEC
[    0.113273] evm: security.SMACK64TRANSMUTE
[    0.113983] evm: security.SMACK64MMAP
[    0.116009] evm: security.apparmor
[    0.120005] evm: security.ima
[    0.120543] evm: security.capability
[    0.124196] clocksource: jiffies: mask: 0xffffffff max_cycles: 0xffffffff, max_idle_ns: 7645041785100000 ns
[    0.128041] futex hash table entries: 256 (order: 2, 16384 bytes)
[    0.132079] pinctrl core: initialized pinctrl subsystem
[    0.133395] RTC time: 20:45:20, date: 09/15/19
[    0.136281] NET: Registered protocol family 16
[    0.140168] audit: initializing netlink subsys (disabled)
[    0.144221] cpuidle: using governor ladder
[    0.148022] audit: type=2000 audit(1568580325.039:1): state=initialized audit_enabled=0 res=1
[    0.152020] cpuidle: using governor menu
[    0.152781] ACPI: bus type PCI registered
[    0.153496] acpiphp: ACPI Hot Plug PCI Controller Driver version: 0.5
[    0.154538] PCI: Using configuration type 1 for base access
[    0.157119] HugeTLB registered 2.00 MiB page size, pre-allocated 0 pages
[    0.160992] ACPI: Added _OSI(Module Device)
[    0.161707] ACPI: Added _OSI(Processor Device)
[    0.164008] ACPI: Added _OSI(3.0 _SCP Extensions)
[    0.164685] ACPI: Added _OSI(Processor Aggregator Device)
[    0.165443] ACPI: Added _OSI(Linux-Dell-Video)
[    0.166079] ACPI: Added _OSI(Linux-Lenovo-NV-HDMI-Audio)
[    0.168046] ACPI: Added _OSI(Linux-HPI-Hybrid-Graphics)
[    0.169248] ACPI: Executed 1 blocks of module-level executable AML code
[    0.177647] ACPI: Interpreter enabled
[    0.180029] ACPI: (supports S0 S5)
[    0.184011] ACPI: Using IOAPIC for interrupt routing
[    0.188336] PCI: Using host bridge windows from ACPI; if necessary, use "pci=nocrs" and report a bug
[    0.192283] ACPI: Enabled 2 GPEs in block 00 to 07
[    0.203330] ACPI: PCI Root Bridge [PCI0] (domain 0000 [bus 00-ff])
[    0.204013] acpi PNP0A03:00: _OSC: OS supports [ASPM ClockPM Segments MSI]
[    0.205028] acpi PNP0A03:00: _OSC: not requesting OS control; OS requires [ExtendedConfig ASPM ClockPM MSI]
[    0.206447] acpi PNP0A03:00: fail to add MMCONFIG information, can't access extended PCI configuration space under this bridge.
[    0.208308] PCI host bridge to bus 0000:00
[    0.208950] pci_bus 0000:00: root bus resource [io  0x0000-0x0cf7 window]
[    0.212015] pci_bus 0000:00: root bus resource [io  0x0d00-0xffff window]
[    0.212992] pci_bus 0000:00: root bus resource [mem 0x000a0000-0x000bffff window]
[    0.216010] pci_bus 0000:00: root bus resource [mem 0x40000000-0xfdffffff window]
[    0.220043] pci_bus 0000:00: root bus resource [bus 00-ff]
[    0.228261] pci 0000:00:01.1: legacy IDE quirk: reg 0x10: [io  0x01f0-0x01f7]
[    0.232014] pci 0000:00:01.1: legacy IDE quirk: reg 0x14: [io  0x03f6]
[    0.236014] pci 0000:00:01.1: legacy IDE quirk: reg 0x18: [io  0x0170-0x0177]
[    0.237307] pci 0000:00:01.1: legacy IDE quirk: reg 0x1c: [io  0x0376]
[    0.257520] pci 0000:00:07.0: quirk: [io  0x4000-0x403f] claimed by PIIX4 ACPI
[    0.260035] pci 0000:00:07.0: quirk: [io  0x4100-0x410f] claimed by PIIX4 SMB
[    0.272398] ACPI: PCI Interrupt Link [LNKA] (IRQs 5 9 10 *11)
[    0.276615] ACPI: PCI Interrupt Link [LNKB] (IRQs 5 9 *10 11)
[    0.278048] ACPI: PCI Interrupt Link [LNKC] (IRQs 5 *9 10 11)
[    0.280213] ACPI: PCI Interrupt Link [LNKD] (IRQs 5 9 10 *11)
[    0.284685] SCSI subsystem initialized
[    0.285683] pci 0000:00:02.0: vgaarb: setting as boot VGA device
[    0.286946] pci 0000:00:02.0: vgaarb: VGA device added: decodes=io+mem,owns=io+mem,locks=none
[    0.288008] pci 0000:00:02.0: vgaarb: bridge control possible
[    0.289191] vgaarb: loaded
[    0.292098] ACPI: bus type USB registered
[    0.296052] usbcore: registered new interface driver usbfs
[    0.297256] usbcore: registered new interface driver hub
[    0.298431] usbcore: registered new device driver usb
[    0.300157] EDAC MC: Ver: 3.0.0
[    0.301331] PCI: Using ACPI for IRQ routing
[    0.302628] NetLabel: Initializing
[    0.303384] NetLabel:  domain hash size = 128
[    0.304005] NetLabel:  protocols = UNLABELED CIPSOv4 CALIPSO
[    0.308055] NetLabel:  unlabeled traffic allowed by default
[    0.312242] clocksource: Switched to clocksource kvm-clock
[    0.344666] VFS: Disk quotas dquot_6.6.0
[    0.364553] VFS: Dquot-cache hash table entries: 512 (order 0, 4096 bytes)
[    0.366179] AppArmor: AppArmor Filesystem Enabled
[    0.384418] pnp: PnP ACPI init
[    0.386276] pnp: PnP ACPI: found 3 devices
[    0.393987] clocksource: acpi_pm: mask: 0xffffff max_cycles: 0xffffff, max_idle_ns: 2085701024 ns
[    0.395433] NET: Registered protocol family 2
[    0.396496] TCP established hash table entries: 8192 (order: 4, 65536 bytes)
[    0.415546] TCP bind hash table entries: 8192 (order: 5, 131072 bytes)
[    0.416905] TCP: Hash tables configured (established 8192 bind 8192)
[    0.425328] UDP hash table entries: 512 (order: 2, 16384 bytes)
[    0.426425] UDP-Lite hash table entries: 512 (order: 2, 16384 bytes)
[    0.427487] NET: Registered protocol family 1
[    0.428179] pci 0000:00:00.0: Limiting direct PCI/PCI transfers
[    0.429079] pci 0000:00:01.0: Activating ISA DMA hang workarounds
[    0.429988] pci 0000:00:02.0: Video device with shadowed ROM at [mem 0x000c0000-0x000dffff]
[    0.431348] Unpacking initramfs...
[    0.704161] Freeing initrd memory: 19144K
[    0.714388] clocksource: tsc: mask: 0xffffffffffffffff max_cycles: 0x25641074d3b, max_idle_ns: 440795244898 ns
[    0.724954] platform rtc_cmos: registered platform RTC device (no PNP device found)
[    0.734984] Scanning for low memory corruption every 60 seconds
[    0.736936] Initialise system trusted keyrings
[    0.768539] Key type blacklist registered
[    0.769183] workingset: timestamp_bits=36 max_order=18 bucket_order=0
[    0.771650] zbud: loaded
[    0.772648] squashfs: version 4.0 (2009/01/31) Phillip Lougher
[    0.773589] fuse init (API version 7.26)
[    0.775035] Key type asymmetric registered
[    0.800721] Asymmetric key parser 'x509' registered
[    0.801826] Block layer SCSI generic (bsg) driver version 0.4 loaded (major 246)
[    0.844611] io scheduler noop registered
[    0.845222] io scheduler deadline registered
[    0.845888] io scheduler cfq registered (default)
[    0.846848] ACPI: AC Adapter [AC] (on-line)
[    0.847841] input: Power Button as /devices/LNXSYSTM:00/LNXPWRBN:00/input/input0
[    0.849541] ACPI: Power Button [PWRF]
[    0.854767] input: Sleep Button as /devices/LNXSYSTM:00/LNXSLPBN:00/input/input1
[    0.868012] ACPI: Sleep Button [SLPF]
[    0.869853] ACPI: Battery Slot [BAT0] (battery present)
[    0.914252] Serial: 8250/16550 driver, 32 ports, IRQ sharing enabled
[    0.989251] 00:02: ttyS0 at I/O 0x3f8 (irq = 4, base_baud = 115200) is a 16550A
[    1.017232] Linux agpgart interface v0.103
[    1.019395] loop: module loaded
[    1.021472] scsi host0: ata_piix
[    1.034241] scsi host1: ata_piix
[    1.034813] ata1: PATA max UDMA/33 cmd 0x1f0 ctl 0x3f6 bmdma 0xd000 irq 14
[    1.035760] ata2: PATA max UDMA/33 cmd 0x170 ctl 0x376 bmdma 0xd008 irq 15
[    1.037619] libphy: Fixed MDIO Bus: probed
[    1.038252] tun: Universal TUN/TAP device driver, 1.6
[    1.039040] PPP generic driver version 2.4.2
[    1.041547] ehci_hcd: USB 2.0 'Enhanced' Host Controller (EHCI) Driver
[    1.042700] ehci-pci: EHCI PCI platform driver
[    1.054308] ehci-platform: EHCI generic platform driver
[    1.059460] ohci_hcd: USB 1.1 'Open' Host Controller (OHCI) Driver
[    1.060802] ohci-pci: OHCI PCI platform driver
[    1.061839] ohci-platform: OHCI generic platform driver
[    1.063011] uhci_hcd: USB Universal Host Controller Interface driver
[    1.065706] i8042: PNP: PS/2 Controller [PNP0303:PS2K,PNP0f03:PS2M] at 0x60,0x64 irq 1,12
[    1.125255] serio: i8042 KBD port at 0x60,0x64 irq 1
[    1.126422] serio: i8042 AUX port at 0x60,0x64 irq 12
[    1.127712] mousedev: PS/2 mouse device common for all mice
[    1.129302] input: AT Translated Set 2 keyboard as /devices/platform/i8042/serio0/input/input2
[    1.131682] rtc_cmos rtc_cmos: rtc core: registered rtc_cmos as rtc0
[    1.146270] rtc_cmos rtc_cmos: alarms up to one day, 114 bytes nvram
[    1.147599] i2c /dev entries driver
[    1.148525] device-mapper: uevent: version 1.0.3
[    1.149773] device-mapper: ioctl: 4.37.0-ioctl (2017-09-20) initialised: dm-devel@redhat.com
[    1.151640] ledtrig-cpu: registered to indicate activity on CPUs
[    1.153958] NET: Registered protocol family 10
[    1.179773] Segment Routing with IPv6
[    1.180711] NET: Registered protocol family 17
[    1.205058] Key type dns_resolver registered
[    1.206147] mce: Using 0 MCE banks
[    1.206947] RAS: Correctable Errors collector initialized.
[    1.208110] sched_clock: Marking stable (1204788214, 0)->(2302668483, -1097880269)
[    1.209962] registered taskstats version 1
[    1.214636] Loading compiled-in X.509 certificates
[    1.231678] Loaded X.509 cert 'Build time autogenerated kernel key: ff1b14b29a8b0fad041e56b58c2af39eda0766ce'
[    1.235173] zswap: loaded using pool lzo/zbud
[    1.239171] Key type big_key registered
[    1.241636] Key type trusted registered
[    1.244131] Key type encrypted registered
[    1.264415] AppArmor: AppArmor sha1 policy hashing enabled
[    1.265243] ima: No TPM chip found, activating TPM-bypass! (rc=-19)
[    1.266134] ima: Allocated hash algorithm: sha1
[    1.266871] evm: HMAC attrs: 0x1
[    1.294494]   Magic number: 3:504:801
[    1.295396] acpi PNP0F03:00: hash matches
[    1.296400] rtc_cmos rtc_cmos: setting system clock to 2019-09-15 20:45:22 UTC (1568580322)
[    1.304733] BIOS EDD facility v0.16 2004-Jun-25, 0 devices found
[    1.305789] EDD information not available.
[    1.308835] Freeing unused kernel image memory: 2436K
[    1.316105] Write protecting the kernel read-only data: 20480k
[    1.333465] Freeing unused kernel image memory: 2008K
[    1.334519] Freeing unused kernel image memory: 1972K
[    1.342344] x86/mm: Checked W+X mappings: passed, no W+X pages found.
[    1.343467] x86/mm: Checking user space page tables
[    1.351612] x86/mm: Checked W+X mappings: passed, no W+X pages found.
Loading, please wait...
starting version 237
[    1.502164] e1000: Intel(R) PRO/1000 Network Driver - version 7.3.21-k8-NAPI
[    1.511639] e1000: Copyright (c) 1999-2006 Intel Corporation.
[    1.528434] Fusion MPT base driver 3.04.20
[    1.531988] Copyright (c) 1999-2008 LSI Corporation
[    1.579824] AVX2 version of gcm_enc/dec engaged.
[    1.604695] AES CTR mode by8 optimization enabled
[    1.627736] Fusion MPT SPI Host driver 3.04.20
[    1.756872] input: ImExPS/2 Generic Explorer Mouse as /devices/platform/i8042/serio1/input/input4
[    2.031611] e1000 0000:00:03.0 eth0: (PCI:33MHz:32-bit) 02:e2:37:e7:21:68
[    2.042495] e1000 0000:00:03.0 eth0: Intel(R) PRO/1000 Network Connection
[    2.065670] mptbase: ioc0: Initiating bringup
[    2.160365] ioc0: LSI53C1030 A0: Capabilities={Initiator}
[    2.401513] scsi host2: ioc0: LSI53C1030 A0, FwRev=00000000h, Ports=1, MaxQ=256, IRQ=20
[    2.572768] scsi 2:0:0:0: Direct-Access     VBOX     HARDDISK         1.0  PQ: 0 ANSI: 5
[    2.616588] scsi target2:0:0: Beginning Domain Validation
[    2.635068] random: fast init done
[    2.635996] scsi target2:0:0: Domain Validation skipping write tests
[    2.637082] scsi target2:0:0: Ending Domain Validation
[    2.638077] scsi target2:0:0: asynchronous
[    2.639256] scsi 2:0:1:0: Direct-Access     VBOX     HARDDISK         1.0  PQ: 0 ANSI: 5
[    2.640451] scsi target2:0:1: Beginning Domain Validation
[    2.641815] scsi target2:0:1: Domain Validation skipping write tests
[    2.642703] scsi target2:0:1: Ending Domain Validation
[    2.643488] scsi target2:0:1: asynchronous
[    2.647933] random: systemd-udevd: uninitialized urandom read (16 bytes read)
[    2.657648] sd 2:0:0:0: [sda] 20971520 512-byte logical blocks: (10.7 GB/10.0 GiB)
[    2.659054] sd 2:0:0:0: Attached scsi generic sg0 type 0
[    2.669380] sd 2:0:0:0: [sda] Write Protect is off
[    2.674996] sd 2:0:0:0: [sda] Incomplete mode parameter data
[    2.677652] sd 2:0:0:0: [sda] Assuming drive cache: write through
[    2.683611] sd 2:0:1:0: [sdb] 20480 512-byte logical blocks: (10.5 MB/10.0 MiB)
[    2.685000] sd 2:0:1:0: [sdb] Write Protect is off
[    2.698670]  sda: sda1
[    2.699852] sd 2:0:1:0: Attached scsi generic sg1 type 0
[    2.700989] sd 2:0:0:0: [sda] Attached SCSI disk
[    2.702095] random: systemd-udevd: uninitialized urandom read (16 bytes read)
[    2.717323] random: systemd-udevd: uninitialized urandom read (16 bytes read)
[    2.741518] sd 2:0:1:0: [sdb] Incomplete mode parameter data
[    2.743972] sd 2:0:1:0: [sdb] Assuming drive cache: write through
[    2.854803] sd 2:0:1:0: [sdb] Attached SCSI disk
[    3.117463] e1000 0000:00:08.0 eth1: (PCI:33MHz:32-bit) 08:00:27:96:45:38
[    3.134161] e1000 0000:00:08.0 eth1: Intel(R) PRO/1000 Network Connection
[    3.139023] e1000 0000:00:08.0 enp0s8: renamed from eth1
[    3.195349] e1000 0000:00:03.0 enp0s3: renamed from eth0
Begin: Loading essential drivers ... [    4.663708] raid6: sse2x1   gen()  9894 MB/s
[    4.713713] raid6: sse2x1   xor()  6763 MB/s
[    4.785870] raid6: sse2x2   gen()  9863 MB/s
[    4.873725] raid6: sse2x2   xor()  8232 MB/s
[    4.943687] raid6: sse2x4   gen() 13689 MB/s
[    4.996425] raid6: sse2x4   xor()  7467 MB/s
[    5.051586] raid6: avx2x1   gen() 19738 MB/s
[    5.113709] raid6: avx2x1   xor() 14603 MB/s
[    5.176438] raid6: avx2x2   gen() 20044 MB/s
[    5.249348] raid6: avx2x2   xor() 12940 MB/s
[    5.313798] raid6: avx2x4   gen() 25806 MB/s
[    5.373705] raid6: avx2x4   xor() 10995 MB/s
[    5.374685] raid6: using algorithm avx2x4 gen() 25806 MB/s
[    5.394743] raid6: .... xor() 10995 MB/s, rmw enabled
[    5.424409] raid6: using avx2x2 recovery algorithm
[    5.428071] xor: automatically using best checksumming function   avx       
[    5.456578] async_tx: api initialized (async)
done.
Begin: Running /scripts/init-p[    5.519276] Btrfs loaded, crc32c=crc32c-intel
remount ... done.
Begin: Mounting root file system ... Begin: Running /scripts/local-top ... done.
Begin: Running /scripts/local-premount ... Scanning for Btrfs filesystems
done.
Warning: fsck not present, so skipping root file system
[    5.675932] EXT4-fs (sda1): mounted filesystem with ordered data mode. Opts: (null)
done.
Begin: Running /scripts/local-bottom ... done.
Begin: Running /scripts/init-bottom ... done.
[    5.929535] ip_tables: (C) 2000-2006 Netfilter Core Team
[    5.959346] systemd[1]: systemd 237 running in system mode. (+PAM +AUDIT +SELINUX +IMA +APPARMOR +SMACK +SYSVINIT +UTMP +LIBCRYPTSETUP +GCRYPT +GNUTLS +ACL +XZ +LZ4 +SECCOMP +BLKID +ELFUTILS +KMOD -IDN2 +IDN -PCRE2 default-hierarchy=hybrid)
[    5.977966] systemd[1]: Detected virtualization oracle.
[    5.979580] systemd[1]: Detected architecture x86-64.

Welcome to [1mUbuntu 18.04.3 LTS[0m!

[    6.003280] systemd[1]: Set hostname to <ubuntu>.
[    6.010280] systemd[1]: Initializing machine ID from random generator.
[    6.020794] systemd[1]: Installed transient /etc/machine-id file.
[    6.348275] systemd[1]: Started Forward Password Requests to Wall Directory Watch.
[[0;32m  OK  [0m] Started Forward Password Requests to Wall Directory Watch.
[    6.357324] systemd[1]: Created slice System Slice.
[[0;32m  OK  [0m] Created slice System Slice.
[    6.368452] systemd[1]: Listening on Device-mapper event daemon FIFOs.
[[0;32m  OK  [0m] Listening on Device-mapper event daemon FIFOs.
[    6.387397] systemd[1]: Listening on LVM2 poll daemon socket.
[[0;32m  OK  [0m] Listening on LVM2 poll daemon socket.
[[0;32m  OK  [0m] Listening on udev Control Socket.
[[0;32m  OK  [0m] Reached target Swap.
[[0;32m  OK  [0m] Reached target User and Group Name Lookups.
[[0;32m  OK  [0m] Listening on Journal Socket (/dev/log).
[[0;32m  OK  [0m] Created slice User and Session Slice.
[[0;32m  OK  [0m] Reached target Slices.
[[0;32m  OK  [0m] Listening on Journal Socket.
         Mounting Huge Pages File System...
         Mounting Kernel Debug File System...
         Starting Load Ke[    6.601216] Loading iSCSI transport class v2.0-870.
rnel Modules...
[[0;32m  OK  [0m] Listening on Net[    6.663978] iscsi: registered transport (tcp)
work Service Netlink Socket.
[[0;32m  OK  [0m] Set up automount Arbitrary Executab…rmats File System Automount Point.
         Starting Remount Root and Kernel[    6.707787] iscsi: registered transport (iser)
 File Systems...[    6.727349] EXT4-fs (sda1): re-mounted. Opts: (null)

[[0;32m  OK  [0m] Listening on Syslog Socket.
[[0;32m  OK  [0m] Listening on LVM2 metadata daemon socket.
[[0;32m  OK  [0m] Reached target System Time Synchronized.
         Starting Uncomplicated firewall...
         Starting Set the console keyboard layout...
[[0;32m  OK  [0m] Listening on /dev/initctl Compatibility Named Pipe.
[[0;32m  OK  [0m] Listening on Journal Audit Socket.
         Starting Journal Service...
         Mounting POSIX Message Queue File System...
[[0;32m  OK  [0m] Listening on udev Kernel Socket.
         Starting udev Coldplug all Devices...
         Starting Create list of required st…ce nodes for the current kernel...
         Starting Monitoring of LVM2 mirrors…ng dmeventd or progress polling...
[[0;32m  OK  [0m] Created slice system-serial\x2dgetty.slice.
[[0;32m  OK  [0m] Mounted Huge Pages File System.
[[0;32m  OK  [0m] Mounted Kernel Debug File System.
[[0;32m  OK  [0m] Started Load Kernel Modules.
[[0;32m  OK  [0m] Started Remount Root and Kernel File Systems.
[[0;32m  OK  [0m] Started Journal Service.
[[0;32m  OK  [0m] Started Uncomplicated firewall.
[[0;32m  OK  [0m] Started Set the console keyboard layout.
[[0;32m  OK  [0m] Mounted POSIX Message Queue File System.
[[0;32m  OK  [0m] Started Create list of required sta…vice nodes for the current kernel.
[[0;32m  OK  [0m] Started LVM2 metadata daemon.
         Starting Create Static Device Nodes in /dev...
         Starting Flush Journal to Persistent Storage...
         Starting Load/Save Random Seed...
         Mounting Kernel Configuration File System...
         Mounting FUSE Control File System...
         Starting Apply Kernel Variables...
[[0;32m  OK  [0m] Started Monitoring of LVM2 mirrors,…sing dmeventd or progress polling.
[[0;32m  OK  [0m] Started udev Coldplug all Devices.
[[0;32m  OK  [0m] Started Create Static Device Nodes in /dev.
[[0;32m  OK  [0m] Started Load/Save Random Seed.
[[0;32m  OK  [0m] Mounted Kernel Configuration File System.
[[0;32m  OK  [0m] Mounted FUSE Control File System.
[[0;32m  OK  [0m] Started Apply Kernel Variables.
         Starting udev Kernel Device Manager...
[[0;32m  OK  [0m] Reached target Local File Systems (Pre).
[[0;32m  OK  [0m] Reached target Local File Systems.
         Starting ebtables ruleset management...
         Starting Tell Plymouth To Write Out Runtime Data...
         Starting AppArmor initialization...
         Starting Commit a transient machine-id on disk...
         Starting Set console font and keymap...
[[0;32m  OK  [0m] Started Flush Journal to Persistent Storage.
[[0;32m  OK  [0m] Started Tell Plymouth To Write Out Runtime Data.
         Starting Create Volatile Files and Directories...
[[0;32m  OK  [0m] Started udev Kernel Device Manager.
[[0;32m  OK  [0m] Started Dispatch Password Requests to Console Directory Watch.
[[0;32m  OK  [0m] Reached target Local Encrypted Volumes.
[[0;32m  OK  [0m] Started Set console font and keymap.
[[0;32m  OK  [0m] Started Commit a transient machine-id on disk.
[[0;32m  OK  [0m] Started Create Volatile Files and Directories.
         Starting Update UTMP about System Boot/Shutdown...
[[0;32m  OK  [0m] Started Update UTMP about System Boot/Shutdown.
[[0;32m  OK  [0m] Started ebtables ruleset management.
[[0;32m  OK  [0m] Found device /dev/ttyS0.
[[0;32m  OK  [0m] Listening on Load/Save RF Kill Switch Status /dev/rfkill Watch.
[[0;32m  OK  [0m] Started AppArmor initialization.
         Starting Initial cloud-init job (pre-networking)...
[   11.275598] cloud-init[562]: Cloud-init v. 19.2-24-ge7881d5c-0ubuntu1~18.04.1 running 'init-local' at Sun, 15 Sep 2019 20:45:32 +0000. Up 10.82 seconds.
[[0;32m  OK  [0m] Started Initial cloud-init job (pre-networking).
[[0;32m  OK  [0m] Reached target Network (Pre).
         Starting Network Service...
[[0;32m  OK  [0m] Started Network Service.
         Starting Wait for Network to be Configured...
         Starting Network Name Resolution...
[[0;32m  OK  [0m] Started Network Name Resolution.
[[0;32m  OK  [0m] Reached target Network.
[[0;32m  OK  [0m] Reached target Host and Network Name Lookups.
[[0;32m  OK  [0m] Started Wait for Network to be Configured.
         Starting Initial cloud-init job (metadata service crawler)...
[   13.718942] cloud-init[667]: Cloud-init v. 19.2-24-ge7881d5c-0ubuntu1~18.04.1 running 'init' at Sun, 15 Sep 2019 20:45:34 +0000. Up 13.53 seconds.
[   13.748332] cloud-init[667]: ci-info: ++++++++++++++++++++++++++++++++++++++Net device info+++++++++++++++++++++++++++++++++++++++
[   13.750208] cloud-init[667]: ci-info: +--------+-------+----------------------------+---------------+--------+-------------------+
[   13.754177] cloud-init[667]: ci-info: | Device |   Up  |          Address           |      Mask     | Scope  |     Hw-Address    |
[   13.757500] cloud-init[667]: ci-info: +--------+-------+----------------------------+---------------+--------+-------------------+
[   13.759152] cloud-init[667]: ci-info: | enp0s3 |  True |         10.0.2.15          | 255.255.255.0 | global | 02:e2:37:e7:21:68 |
[   13.769307] cloud-init[667]: ci-info: | enp0s3 |  True | fe80::e2:37ff:fee7:2168/64 |       .       |  link  | 02:e2:37:e7:21:68 |
[   13.773233] cloud-init[667]: ci-info: | enp0s8 | False |             .              |       .       |   .    | 08:00:27:96:45:38 |
[   13.774838] cloud-init[667]: ci-info: |   lo   |  True |         127.0.0.1          |   255.0.0.0   |  host  |         .         |
[   13.776402] cloud-init[667]: ci-info: |   lo   |  True |          ::1/128           |       .       |  host  |         .         |
[   13.779952] cloud-init[667]: ci-info: +--------+-------+----------------------------+---------------+--------+-------------------+
[   13.789997] cloud-init[667]: ci-info: ++++++++++++++++++++++++++++Route IPv4 info+++++++++++++++++++++++++++++
[   13.792169] cloud-init[667]: ci-info: +-------+-------------+----------+-----------------+-----------+-------+
[   13.794328] cloud-init[667]: ci-info: | Route | Destination | Gateway  |     Genmask     | Interface | Flags |
[   13.796624] cloud-init[667]: ci-info: +-------+-------------+----------+-----------------+-----------+-------+
[   13.812395] cloud-init[667]: ci-info: |   0   |   0.0.0.0   | 10.0.2.2 |     0.0.0.0     |   enp0s3  |   UG  |
[   13.814349] cloud-init[667]: ci-info: |   1   |   10.0.2.0  | 0.0.0.0  |  255.255.255.0  |   enp0s3  |   U   |
[   13.839384] cloud-init[667]: ci-info: |   2   |   10.0.2.2  | 0.0.0.0  | 255.255.255.255 |   enp0s3  |   UH  |
[   13.841389] cloud-init[667]: ci-info: +-------+-------------+----------+-----------------+-----------+-------+
[   13.843852] cloud-init[667]: ci-info: +++++++++++++++++++Route IPv6 info+++++++++++++++++++
[   13.845619] cloud-init[667]: ci-info: +-------+-------------+---------+-----------+-------+
[   13.867436] cloud-init[667]: ci-info: | Route | Destination | Gateway | Interface | Flags |
[   13.868824] cloud-init[667]: ci-info: +-------+-------------+---------+-----------+-------+
[   13.874170] cloud-init[667]: ci-info: |   1   |  fe80::/64  |    ::   |   enp0s3  |   U   |
[   13.875628] cloud-init[667]: ci-info: |   3   |    local    |    ::   |   enp0s3  |   U   |
[   13.878320] cloud-init[667]: ci-info: |   4   |   ff00::/8  |    ::   |   enp0s3  |   U   |
[   13.880956] cloud-init[667]: ci-info: +-------+-------------+---------+-----------+-------+
[   14.622851] cloud-init[667]: Generating public/private rsa key pair.
[   14.632552] cloud-init[667]: Your identification has been saved in /etc/ssh/ssh_host_rsa_key.
[   14.634090] cloud-init[667]: Your public key has been saved in /etc/ssh/ssh_host_rsa_key.pub.
[   14.635328] cloud-init[667]: The key fingerprint is:
[   14.642894] cloud-init[667]: SHA256:rI7GzE9aYU1eN8GRkxhS2Gkb8H9Kuj2OLUmJy2LXtNE root@ubuntu-bionic
[   14.654444] cloud-init[667]: The key's randomart image is:
[   14.655459] cloud-init[667]: +---[RSA 2048]----+
[   14.674036] cloud-init[667]: |        o=o=o+   |
[   14.693994] cloud-init[667]: |        .o* =.   |
[[0;32m  OK  [0m] Started Initial cloud-init job (metadata service crawler).
[   14.706111] cloud-init[667]: |        ..ooo.   |
[[0;32m  OK  [0m] Reached target System Initialization.
[   14.733767] cloud-init[667]: |       = ..o .   |
[[0;32m  OK  [0m] Started Discard unused blocks once a week.[   14.736414] cloud-init[667]: |      o S. oo .  |
[   14.737578] cloud-init[667]: |     . o. =oEo   |
[   14.738735] cloud-init[667]: |   +  +. =.+.    |
[   14.739916] 
cloud-init[667]:          Starting LXD - unix socket.
[[0;32m  OK  [0m] Started ACPI Events Check.
[[0;32m  OK  [0m] Reached target Paths.
         Starting Socket activation for snappy daemon.
[[0;32m  OK  [0m] Listening on D-Bus System Message Bus Socket.
[[0;32m  OK  [0m] Listening on ACPID Listen Socket.
[[0;32m  OK  [0m] Started Message of the Day.
[[0;32m  OK  [0m] Started Daily apt download activities.
[[0;32m  OK  [0m] Started Daily apt upgrade and clean activities.
[[0;32m  OK  [0m] Started Daily Cleanup of Temporary Directories.
[[0;32m  OK  [0m] Reached target Timers.
[[0;32m  OK  [0m] Listening on UUID daemon activation socket.
[[0;32m  OK  [0m] Listening on Open-iSCSI iscsid Socket.
[[0;32m  OK  [0m] Reached target Network is Online.
[[0;32m  OK  [0m] Reached target Remote File Systems (Pre).
[[0;32m  OK  [0m] Reached target Remote File Systems.
         Starting Availability of block devices...
[[0;32m  OK  [0m] Reached target Cloud-config availability.
[[0;32m  OK  [0m] Listening on LXD - unix socket.
[[0;32m  OK  [0m] Listening on Socket activation for snappy daemon.
[[0;32m  OK  [0m] Reached target Sockets.
[[0;32m  OK  [0m] Reached target Basic System.
|    =*o + ==.    |
         Starting Dispatcher daemon for systemd-networkd...
         Starting Login Service...
         Starting Virtualbox guest utils...
[   14.805758] cloud-init[667]: |   .oooo  oo+.   |
[[0;32m  OK  [0m] Started Deferred execution scheduler.
[   14.827776] cloud-init[667]: +----[SHA256]-----+
[   14.835298] cloud-init[667]: Generating public/private dsa key pair.
[   14.841207]          Starting Pollinate to seed the pseudo random number generator...
cloud-init[667]: Your identification has been saved in /etc/ssh/ssh_host_dsa_key.
         Starting System Logging Service...
[   14.849050] cloud-init[667]: Your public key has been saved in /etc/ssh/ssh_host_dsa_key.pub.
         [   14.877538] Starting LXD - container startup/shutdown...
cloud-init[667]: The key fingerprint is:
[   14.914776] cloud-init[667]: SHA256:/VU20T/4lHVhEN6WZcwtfI/+eYsouwCscB+7HYp2O9A root@ubuntu-bionic
[   14.928640] cloud-init[667]: The key's randomart image is:
[   14.932640] cloud-init[667]: +---[DSA 1024]----+
[   14.943558] cloud-init[667]: |             +o**|
[   14.961605] cloud-init[667]: |            . =.%|
[   14.965444] cloud-init[667]: |             ..OO|
[   14.967326] cloud-init[667]: |    .    .   .o*+|
[   14.969272] cloud-init[667]: | . ..+  S .  .+ .|
[   14.997682] cloud-init[667]: |  o.oE+    . ... |
[[   15.032425] [0;32m  OK  [0m] Started Regular background program processing daemon.
cloud-init[667]: |   ..o o    .  ..|
         Starting LSB: Record successful boot for GRUB...
[   15.047825] cloud-init[667]: |   ..o+ o.  . ..o|
[[0;32m  OK  [0m[   15.067773] ] Started D-Bus System Message Bus.
cloud-init[667]: |  ...+o. o+. . .o|
[   15.072715] cloud-init[667]: +----[SHA256]-----+
[   15.074568] cloud-init[667]: Generating public/private ecdsa key pair.
[   15.100726] cloud-init[667]: Your identification has been saved in /etc/ssh/ssh_host_ecdsa_key.
[   15.103539] cloud-init[667]: Your public key has been saved in /etc/ssh/ssh_host_ecdsa_key.pub.
[[0;32m  OK  [0m] Started Login Service.
[[0;32m  OK  [0m] Started Unattended Upgrades Shutdown.
         Starting LSB: automatic crash report generation...
[   15.111979] cloud-init[667]: The key fingerprint is:
[   15.134964] cloud-init[667]: SHA256:Df5leh/dxsjor/ZETJu6n6SyFx9kFSTr/V2X0NgZohE root@ubuntu-bionic
[[0;32m  OK  [0m] Started FUSE filesystem for LXC.
[   15.160965] cloud-init[667]: The key's randomart image is:
[   15.165863] cloud-init[667]: +---[ECDSA 256]---+
[   15.176273] cloud-init[667]: |           E.o.+.|
[   15.193892] cloud-init[667]: |            o B +|
[   15.198518] cloud-init[667]: |        .  . +.= |
[   15.201158] cloud-init[667]: |       . o  .o=o.|
[   15.205595] cloud-init[667]: |        S . o+=oo|
[   15.208304] cloud-init[667]: |         . +.=.+*|
[   15.213287] cloud-init[667]: |          o +o*.B|
[   15.218959] cloud-init[667]: |          .oo*.+ |
[[   15.230547] [0;32m  OK  [0m] Started irqbalance daemon.
cloud-init[667]: |          .===*  |
         Starting Permit User Sessions...
[   15.251104] cloud-init[667]: +----[SHA256]-----+         
[   15.255445] cloud-init[667]: Generating public/private ed25519 key pair.
Starting Accounts Service...
[   15.260690] cloud-init[667]: Your identification has been saved in /etc/ssh/ssh_host_ed25519_key.
[   15.270857] cloud-init[667]: Your public key has been saved in /etc/ssh/ssh_host_ed25519_key.pub.
         Starting Snappy daemon...
[   15.304264] cloud-init[667]: The key fingerprint is:
[[   15.317125] cloud-init[0;32m  OK  [0m] Started System Logging Service.
[[0;32m  OK  [0m] Started Availability of block devices.
[667]: SHA256:mJ3oj5kpGRytzv8EloyakgyLDU/d4L6kdEE0wwZdIkU root@ubuntu-bionic
[[   15.345267] cloud-init[667]: The key's randomart image is:
[   15.346636] cloud-init[667]: +--[ED25519 256]--+
[   15.347836] [0;32m  OK  [0m] Started LXD - container startup/shutdown.
[[0;32m  OK  [0m] Started Permit User Sessions.
cloud-init[667]: |  o*E..          |
[   15.376878] cloud-init[667]: |   o++           |
[   15.391420] cloud-init[667]: |   .o.           |
[   15.422228] cloud-init[667]: |   +.=.* .       |
[   15.424015] cloud-init[667]: |o ..=oX S        |
[   15.428667] cloud-init[667]: |+B +++ .         |
[   15.464068] cloud-init[667]: |=.*o+o. .        |
[   15.477076] cloud-init[667]: | o +=. B         |
[   15.485255] cloud-init[667]: |  . .o*.o        |
[   15.508222]          Starting Authorization Manager...
cloud-init[667]:          Starting Terminate Plymouth Boot Screen...
+----[SHA256]-----+
         Starting Hold until boot process finishes up...
[[0;32m  OK  [0m] Started Terminate Plymouth Boot Screen.
[[0;32m  OK  [0m] Started Hold until boot process finishes up.
         Starting Set console scheme...
[[0;32m  OK  [0m] Started Serial Getty on ttyS0.
[[0;32m  OK  [0m] Started LSB: Record successful boot for GRUB.
[[0;32m  OK  [0m] Started LSB: automatic crash report generation.
[[0;32m  OK  [0m] Started Set console scheme.
[[0;32m  OK  [0m] Created slice system-getty.slice.
[[0;32m  OK  [0m] Started Getty on tty1.
[[0;32m  OK  [0m] Reached target Login Prompts.
[[0;32m  OK  [0m] Started Authorization Manager.
[[0;32m  OK  [0m] Started Accounts Service.
[[0;32m  OK  [0m] Started Virtualbox guest utils.
[[0;32m  OK  [0m] Started Dispatcher daemon for systemd-networkd.
[[0;32m  OK  [0m] Started Snappy daemon.
         Starting Wait until snapd is fully seeded...
[[0;32m  OK  [0m] Started Pollinate to seed the pseudo random number generator.
         Starting OpenBSD Secure Shell server...
[[0;32m  OK  [0m] Started OpenBSD Secure Shell server.
[[0;32m  OK  [0m] Created slice User Slice of vagrant.
[[0;32m  OK  [0m] Started Session 1 of user vagrant.
         Starting User Manager for UID 1000...
[[0;32m  OK  [0m] Started User Manager for UID 1000.
[[0;32m  OK  [0m] Started Wait until snapd is fully seeded.
         Starting Apply the settings specified in cloud-config...
[[0;32m  OK  [0m] Reached target Multi-User System.
[[0;32m  OK  [0m] Reached target Graphical Interface.
         Starting Update UTMP about System Runlevel Changes...
[[0;32m  OK  [0m] Started Update UTMP about System Runlevel Changes.
[   21.217471] cloud-init[1293]: Cloud-init v. 19.2-24-ge7881d5c-0ubuntu1~18.04.1 running 'modules:config' at Sun, 15 Sep 2019 20:45:41 +0000. Up 20.72 seconds.

Ubuntu 18.04.3 LTS ubuntu-bionic ttyS0

ubuntu-bionic login: ci-info: no authorized ssh keys fingerprints found for user ubuntu.
<14>Sep 15 20:45:43 ec2: 
<14>Sep 15 20:45:43 ec2: #############################################################
<14>Sep 15 20:45:43 ec2: -----BEGIN SSH HOST KEY FINGERPRINTS-----
<14>Sep 15 20:45:43 ec2: 1024 SHA256:/VU20T/4lHVhEN6WZcwtfI/+eYsouwCscB+7HYp2O9A root@ubuntu-bionic (DSA)
<14>Sep 15 20:45:43 ec2: 256 SHA256:Df5leh/dxsjor/ZETJu6n6SyFx9kFSTr/V2X0NgZohE root@ubuntu-bionic (ECDSA)
<14>Sep 15 20:45:43 ec2: 256 SHA256:mJ3oj5kpGRytzv8EloyakgyLDU/d4L6kdEE0wwZdIkU root@ubuntu-bionic (ED25519)
<14>Sep 15 20:45:43 ec2: 2048 SHA256:rI7GzE9aYU1eN8GRkxhS2Gkb8H9Kuj2OLUmJy2LXtNE root@ubuntu-bionic (RSA)
<14>Sep 15 20:45:43 ec2: -----END SSH HOST KEY FINGERPRINTS-----
<14>Sep 15 20:45:43 ec2: #############################################################
-----BEGIN SSH HOST KEY KEYS-----
ecdsa-sha2-nistp256 AAAAE2VjZHNhLXNoYTItbmlzdHAyNTYAAAAIbmlzdHAyNTYAAABBBExSprQrxlXFTtJqTv9rV6Km9PBcLUG5WtNoleHNEnGkSwg50plFcH171KqGzjcK3uh/qTmpwZLON7uCVBQyDDk= root@ubuntu-bionic
ssh-ed25519 AAAAC3NzaC1lZDI1NTE5AAAAIKppfjK70cE8yNgyZrI3Srvo+aooVAJ2i9S6hY/n9wLk root@ubuntu-bionic
ssh-rsa AAAAB3NzaC1yc2EAAAADAQABAAABAQDCrGEv+j4W4z07c6/5o8d2k4yAaN3QNPE3/qMgCKxQNia0h7l6dd6dDr0apLm877SbsnT28MIjKjK17Sh6Pk5oJvGb36CcreLI5YGcBvPIr9ioPFb+ZpPc4R0lZZwtg8RdzmF4cZh7EAYViLtkwgy7kWZijgUyfRD/Ea17+CTrJ27FixrJSeIZ8/OvHDgGwzKuic0pibgginowDTh/9gx/rxEaFyuYmRhNxP2xqzgUoi4i/FrR20F/hjZpWP2d+lVvomEyVSbAYUBfR1S6B76eb41ew/RJJ7RKbLscZwRgOMHFQZ/kxHZHdnGKOywacqMDZlih4X6sEKXrC38rLA6n root@ubuntu-bionic
-----END SSH HOST KEY KEYS-----
[   21.995344] cloud-init[1395]: Cloud-init v. 19.2-24-ge7881d5c-0ubuntu1~18.04.1 running 'module         Stopping Authorization Manager...
         Stopping User Manager for.         Stopping Getty on tty1...
[[0;32m  OK  [0m] Unmounted /var/lib/lxcfs.
[[0;32m  OK  [0m] Stopped Accounts Service.
[[0;32m  OK  [0m] Stopped Dispatcher daemon for systemd-networkd.
[[0;32m  OK  [0m] Stopped Regular background program processing daemon.
[[0;32m  OK  [0m] Stopped irqbalance daemon.
[[0;32[[0;32m  OK  [0m] Stopped target Cloud-init target.
[[0;32m  OK  [0m] Stopped target Timers.
[[0;32m  OK  [0m] Stopped Daily apt upgrade and clean activities.
         Stopping User Manager for UID 1000...
[[0;32m  OK  [0m] Stopped Message of the Day.
[[0;32m  OK  [0m] Stopped Daily Cleanup of Temporary Directories.
[[0;32m  OK  [0m] Stopped target Graphical Interface.
         Stopping Accounts Service...
[[0;32m  OK  [0m         Stopping Ubuntu FAN network setup...
[[0;32m  OK  [0m] Stopped Daily apt download activities.
[[0;32m  OK  [0m] Stopped target System Time Synchronized.
         Stopping Authorization Manager...
[[0;32m  OK  [0m] Stopped Apply the settings specified in cloud-config.
[[0;32m  OK  [0m] Stopped target Cloud-config availability.
[[0;32m  OK  [0m] Stopped Wait until snapd is fully seeded.
         Stopping Regular background program processing daemon...
         Stopping Getty on tty1...
[[0;32m  OK  [0m] Unmounted /var/lib/lxcfs.
[[0;32m  OK  [0m] Stopped System Logging Service.
[[0;32m  OK  [0m] Stopped Deferred execution scheduler.
[[0;32m  OK  [0m] Stopped Accounts Service.
[[0;32m  OK  [0m] Stopped Dispatcher daemon for systemd-networkd.
[[0;32m  OK  [0m] Stopped irqbalance daemon.
[[0;32m  OK  [0m] Stopped Regular background program processing daemon.
[[0;32m  OK  [0m] Stopped Unattended Upgrades Shutdown.
[[0;32m  OK  [0m] Stopped Authorization Manager.
[[0;32m  OK  [0m] Stopped Serial Getty on ttyS0.
[[0;32m  OK  [0m] Stopped Getty on tty1.
[[0;32m  OK  [0m] Stopped OpenBSD Secure Shell server.
[[0;32m  OK  [0m] Stopped kubelet: The Kubernetes Node Agent.
[[0;32m  OK  [0m] Stopped User Manager for UID 1000.
[[0;32m  OK  [0m] Stopped Availability of block devices.
[[0;32m  OK  [0m] Stopped D-Bus System Message Bus.
[[0;32m  OK  [0m] Stopped Ubuntu FAN network setup.
[[0;32m  OK  [0m] Stopped FUSE filesystem for LXC.
[[0;32m  OK  [0m] Stopped Session 10 of user vagrant.
[[0;32m  OK  [0m] Removed slice User Slice of vagrant.
[[0;32m  OK  [0m] Removed slice system-getty.slice.
[[0;32m  OK  [0m] Removed slice system-serial\x2dgetty.slice.
         Stopping Permit User Sessions...
         Stopping Login Service...
[[0;32m  OK  [0m] Stopped LXD - container startup/shutdown.
[[0;32m  OK  [0m] Stopped Virtualbox guest utils.
[[0;32m  OK  [0m] Stopped LSB: automatic crash report generation.
[[0;32m  OK  [0m] Stopped LSB: Record successful boot for GRUB.
[[0;32m  OK  [0m] Stopped Permit User Sessions.
[[0;32m  OK  [0m] Stopped target Remote File Systems.
[[0;32m  OK  [0m] Stopped target Remote File Systems (Pre).
[[0;32m  OK  [0m] Stopped Login Service.
[[0;32m  OK  [0m] Stopped target User and Group Name Lookups.
[[0;32m  OK  [0m] Unmounted /var/lib/docker/overlay2/…73cb7b9973313b62708162b8cc/merged.
[[0;32m  OK  [0m] Unmounted /var/lib/docker/container…01add76fa0c54f562c7113/mounts/shm.
[[0;32m  OK  [0m] Unmounted /var/lib/docker/overlay2/…f3822785b116153296c81585a0/merged.
[[0;32m  OK  [0m] Unmounted /var/lib/docker/container…a077a22e238c732ff9c8c9/mounts/shm.
[[0;32m  OK  [0m] Unmounted /var/lib/docker/overlay2/…f09532dddfb9b36c917c8a6bc5/merged.
[[0;32m  OK  [0m] Unmounted /var/lib/docker/overlay2/…375ec994e1f7e66004f513a638/merged.
[[0;32m  OK  [0m] Unmounted /run/docker/netns/dfa17454b096.
[[0;32m  OK  [0m] Unmounted /var/lib/docker/container…b75f2d7169b4663c99acac/mounts/shm.
[[0;32m  OK  [0m] Unmounted /var/lib/docker/container…43c8632fd5806fe09b568a/mounts/shm.
[[0;32m  OK  [0m] Unmounted /var/lib/docker/overlay2/…5bd0323f78b254c14113bd8e90/merged.
[[0;32m  OK  [0m] Unmounted /var/lib/docker/overlay2/…da7be2b307b0ff83da54b597b6/merged.
[[0;32m  OK  [0m] Unmounted /var/lib/docker/container…edb6e687ece3443c384be6/mounts/shm.
[[0;32m  OK  [0m] Unmounted /var/lib/docker/overlay2/…2384288e339a6039aa1dbdbfdd/merged.
[[0;32m  OK  [0m] Unmounted /var/lib/docker/overlay2/…bcb82a4e753e40e126e1555b46/merged.
[[0;32m  OK  [0m] Unmounted /var/lib/docker/overlay2/…5731177db9a11e48efd4740811/merged.
[[0;32m  OK  [0m] Unmounted /var/lib/docker/container…08ac5c009890314ce0b5f0/mounts/shm.
[[0;32m  OK  [0m] Unmounted /var/lib/docker/overlay2/…b32b9a34ae8668bc329cc73e05/merged.
[[0;32m  OK  [0m] Unmounted /var/lib/docker/overlay2/…7799a492f2724608ada5b5a49c/merged.
[[0;32m  OK  [0m] Unmounted /var/lib/docker/container…dec053d15aed43c7ec7e1e/mounts/shm.
[[0;32m  OK  [0m] Unmounted /var/lib/docker/overlay2/…1e5d28b2c21c596fca828f9145/merged.
[[0;32m  OK  [0m] Unmounted /run/docker/netns/bafed3e6090d.
[[0;32m  OK  [0m] Unmounted /var/lib/docker/overlay2/…883d38b45757188c76180d74ca/merged.
[[0;32m  OK  [0m] Unmounted /var/lib/docker/container…a3a9dbd0e1518bfa7eea55/mounts/shm.
[[0;32m  OK  [0m] Unmounted /var/lib/docker/overlay2/…26bd1b6ad176914438f9902fcf/merged.
[[0;32m  OK  [0m] Unmounted /var/lib/docker/overlay2/…35b94757da15f2d5ee01563f6b/merged.
[[0;32m  OK  [0m] Stopped Docker Application Container Engine.
[[0;32m  OK  [0m] Stopped target Network is Online.
         Stopping containerd container runtime...
[[0;32m  OK  [0m] Stopped containerd container runtime.
[[0;32m  OK  [0m] Stopped target Network.
         Stopping Network Name Resolution...
[[0;32m  OK  [0m] Stopped target Basic System.
[[0;32m  OK  [0m] Stopped target Sockets.
[[0;32m  OK  [0m] Closed D-Bus System Message Bus Socket.
[[0;32m  OK  [0m] Closed Docker Socket for the API.
[[0;32m  OK  [0m] Closed LXD - unix socket.
[[0;32m  OK  [0m] Closed Socket activation for snappy daemon.
[[0;32m  OK  [0m] Closed Syslog Socket.
[[0;32m  OK  [0m] Closed ACPID Listen Socket.
[[0;32m  OK  [0m] Closed Open-iSCSI iscsid Socket.
[[0;32m  OK  [0m] Closed UUID daemon activation socket.
[[0;32m  OK  [0m] Stopped target Paths.
[[0;32m  OK  [0m] Stopped ACPI Events Check.
[[0;32m  OK  [0m] Stopped target System Initialization.
         Stopping Load/Save Random Seed...
[[0;32m  OK  [0m] Stopped Commit a transient machine-id on disk.
[[0;32m  OK  [0m] Stopped Initial cloud-init job (metadata service crawler).
[[0;32m  OK  [0m] Stopped target Local Encrypted Volumes.
[[0;32m  OK  [0m] Stopped Dispatch Password Requests to Console Directory Watch.
[[0;32m  OK  [0m] Stopped Forward Password Requests to Wall Directory Watch.
         Stopping Update UTMP about System Boot/Shutdown...
[[0;32m  OK  [0m] Stopped target Slices.
[[0;32m  OK  [0m] Removed slice User and Session Slice.
[[0;32m  OK  [0m] Stopped Network Name Resolution.
[[0;32m  OK  [0m] Stopped Load/Save Random Seed.
         Stopping Network Service...
[[0;32m  OK  [0m] Stopped Update UTMP about System Boot/Shutdown.
[[0;32m  OK  [0m] Stopped Create Volatile Files and Directories.
[[0;32m  OK  [0m] Stopped target Local File Systems.
         Unmounting /var/lib/kubelet/pods/12…s.io~secret/coredns-token-twk58...
         Unmounting /var/lib/kubelet/pods/e1…s.io~secret/coredns-token-twk58...
         Unmounting /var/lib/kubelet/pods/71…io~secret/weave-net-token-f7cnx...
         Unmounting /vagrant...
         Unmounting /run/user/1000...
         Unmounting /var/lib/kubelet/pods/78…o~secret/kube-proxy-token-dcjnf...
         Unmounting /run/docker/netns/default...
[[0;32m  OK  [0m] Stopped Network Service.
[[0;32m  OK  [0m] Unmounted /var/lib/kubelet/pods/126…tes.io~secret/coredns-token-twk58.
[[0;32m  OK  [0m] Unmounted /var/lib/kubelet/pods/e1a…tes.io~secret/coredns-token-twk58.
[[0;32m  OK  [0m] Unmounted /var/lib/kubelet/pods/711…s.io~secret/weave-net-token-f7cnx.
[[0;32m  OK  [0m] Unmounted /vagrant.
[[0;32m  OK  [0m] Unmounted /run/user/1000.
[[0;32m  OK  [0m] Unmounted /var/lib/kubelet/pods/78e….io~secret/kube-proxy-token-dcjnf.
[[0;32m  OK  [0m] Unmounted /run/docker/netns/default.
[[0;32m  OK  [0m] Reached target Unmount All Filesystems.
[[0;32m  OK  [0m] Stopped target Swap.
[[0;32m  OK  [0m] Stopped target Local File Systems (Pre).
         Stopping Monitoring of LVM2 mirrors…ng dmeventd or progress polling...
[[0;32m  OK  [0m] Stopped Create Static Device Nodes in /dev.
[[0;32m  OK  [0m] Stopped Apply Kernel Variables.
[[0;32m  OK  [0m] Stopped Load Kernel Modules.
[[0;32m  OK  [0m] Stopped target Network (Pre).
[[0;32m  OK  [0m] Stopped Initial cloud-init job (pre-networking).
[[0;32m  OK  [0m] Stopped Remount Root and Kernel File Systems.
[[0;32m  OK  [0m] Reached target Shutdown.
[[0;32m  OK  [0m] Reached target Final Step.
         Starting Power-Off...
[[0;32m  OK  [0m] Stopped Monitoring of LVM2 mirrors,…sing dmeventd or progress polling.
         Stopping LVM2 metadata daemon...
[[0;32m  OK  [0m] Stopped LVM2 metadata daemon.
[12064.776711] reboot: Power down
